//list2{
//g{////i//} 接続の手順

  UUCPネットワークの土台となるのが、物理的な通信リンクである。リンクを開設しない
かぎり、何もできない。
  通信リンクには、つぎの3種類がある。

//g{////k1{//}
●ダイレクトリンク（RS-232による直結）
●モデムリンク（電話）
●ローカルエリアネットワーク
//g{////k1}//}

  ダイレクトリンクとモデムリンクの場合には、自分のシステムのシリアル回線（RS-232
）を通信媒体として使うことになる。ダイレクトリンクではシステムとシステムとを直接
ケーブルで接続し、モデムリンクではケーブルをモデムに接続する。
  ローカルエリアネットワーク（LAN）には数多くの種類があり、それぞれ設定条件が異
なる。ローカルエリアネットワークの物理的な設定方法は、本書では扱わない（既存のLA
Nを利用するときのUUCPの設定方法については、次章で述べる）。したがって、詳細につ
いてはシステムに添付されているマニュアルを参照してほしい。

//g{////ii//g} シリアルケーブルの作成

  Electronic Industries Association（EIA；米国電子工業会）によるRS-232C規格（ふ
つうは単にRS-232と呼ぶ）では、コンピュータや端末とモデムを接続するシリアルケーブ
ルについて規定している。
  RS-232規格で規定されている信号の多くは、ほとんど使用されていない。本書において
重要な信号を//g{////f1000//}に示す。

//g{////f1000//} RS-232の信号とその機能

  RS-232ケーブルは最大25線で構成される。各線が固有の機能をもち、別々の信号を搬送
//}

