//list2{
  ////TOCchapter{1章　////}////TOCSTRchapter{電子編集とは////}////TOCPAGEchapter{1-10002////}
  ////TOCsection{////LaTeX{1.1\ ////}////}////TOCSTRsection{電子化をすると////}////TOCPAGEsect
ion{1-10003////}
  ////TOCsection{////LaTeX{1.2\ ////}////}////TOCSTRsection{電子編集システムの特色は////}////T
OCPAGEsection{1-10015////}
  ////TOCsection{////LaTeX{1.3\ ////}////}////TOCSTRsection{うまい電子化をするために////}////T
OCPAGEsection{1-10020////}
////comment
  ////TOCchapter{2章　////}////TOCSTRchapter{EWBのプロローグ////}////TOCPAGEchapter{1-2000
1////}
  ////TOCsection{////LaTeX{2.1\ ////}////}////TOCSTRsection{現場から誕生したEWB////}////TOCPAG
Esection{1-20002////}
  ////TOCsection{////LaTeX{2.2\ ////}////}////TOCSTRsection{EWBの特徴は何？////}////TOCPAGEsec
tion{1-20007////}
  ////TOCsection{////LaTeX{2.3\ ////}////}////TOCSTRsection{EWBの作業工程を見る////}////TOCPAG
Esection{1-20013////}
    ・
    ・
    ・
//}
